# configure exec: ./configure --prefix=/Users/anand/Documents/node-kafka/node_modules/node-rdkafka/build/deps --libdir=/Users/anand/Documents/node-kafka/node_modules/node-rdkafka/build/deps --prefix=/Users/anand/Documents/node-kafka/node_modules/node-rdkafka/build/deps --libdir=/Users/anand/Documents/node-kafka/node_modules/node-rdkafka/build/deps
# On Tue 20 Jul 2021 17:56:32 IST
DBG 8075: Setting distro (distro) status to ok (action ignore)
DBG 8075: ccenv: WITH_CC:  --version failed: mklove/modules/configure.base: line 1754: --version: command not found
DBG 8075: Setting ccenv (ccenv) status to failed (action cont)
DBG 8075: Check ccenv (WITH_CC, action cont (originally cont)) failed: command ' --version' failed:
mklove/modules/configure.base: line 1754: --version: command not found
DBG 8075: Setting gcc (gcc) status to ok (action cont)
DBG 8075: cxxenv: WITH_CXX:  --version failed: mklove/modules/configure.base: line 1754: --version: command not found
DBG 8075: Setting cxxenv (cxxenv) status to failed (action cont)
DBG 8075: Check cxxenv (WITH_CXX, action cont (originally cont)) failed: command ' --version' failed:
mklove/modules/configure.base: line 1754: --version: command not found
DBG 8075: Setting gxx (gxx) status to ok (action cont)
DBG 8075: Setting ld (ld) status to ok (action disable)
DBG 8075: Setting nm (nm) status to ok (action disable)
DBG 8075: Setting objdump (objdump) status to ok (action disable)
DBG 8075: Setting strip (strip) status to ok (action disable)
DBG 8075: Setting libtool (libtool) status to ok (action disable)
DBG 8075: Compile check cc_g_dwarf () (sub=0): gcc   -Wall -Werror _mkltmpqfxSvJ.c -o _mkltmpqfxSvJ.c.o  -L/Users/anand/Documents/node-kafka/node_modules/node-rdkafka/build/deps -gstrict-dwarf
DBG 8075: Setting cc_g_dwarf (cc_g_dwarf) status to ok (action cont)
DBG 8075: pkgconfig: WITH_PKGCONFIG: pkg-config --version failed: mklove/modules/configure.base: line 1754: pkg-config: command not found
DBG 8075: Setting pkgconfig (pkgconfig) status to failed (action cont)
DBG 8075: Check pkgconfig (WITH_PKGCONFIG, action cont (originally cont)) failed: command 'pkg-config --version' failed:
mklove/modules/configure.base: line 1754: pkg-config: command not found
DBG 8075: install: WITH_INSTALL: install --version failed: install: illegal option -- -
usage: install [-bCcpSsv] [-B suffix] [-f flags] [-g group] [-m mode]
               [-o owner] file1 file2
       install [-bCcpSsv] [-B suffix] [-f flags] [-g group] [-m mode]
               [-o owner] file1 ... fileN directory
       install -d [-v] [-g group] [-m mode] [-o owner] directory ...
DBG 8075: Setting install (install) status to failed (action cont)
DBG 8075: Check install (WITH_INSTALL, action cont (originally cont)) failed: command 'install --version' failed:
install: illegal option -- -
usage: install [-bCcpSsv] [-B suffix] [-f flags] [-g group] [-m mode]
               [-o owner] file1 file2
       install [-bCcpSsv] [-B suffix] [-f flags] [-g group] [-m mode]
               [-o owner] file1 ... fileN directory
       install -d [-v] [-g group] [-m mode] [-o owner] directory ...
DBG 8075: Compile check PIC (HAVE_PIC) (sub=0): gcc  -gstrict-dwarf -O2 -Wall -Werror _mkltmp5f3qj7.c -o _mkltmp5f3qj7.c.o  -L/Users/anand/Documents/node-kafka/node_modules/node-rdkafka/build/deps -fPIC
DBG 8075: Setting PIC (PIC) status to ok (action disable)
DBG 8075: Compile check gnulib (WITH_GNULD) (sub=0): gcc  -gstrict-dwarf -O2 -fPIC -Wall -Werror _mkltmpNlriyY.c -o _mkltmpNlriyY.c.o  -L/Users/anand/Documents/node-kafka/node_modules/node-rdkafka/build/deps -shared -Wl,-soname,mkltest.0
DBG 8075: compile check for gnulib (WITH_GNULD) failed: gcc  -gstrict-dwarf -O2 -fPIC -Wall -Werror _mkltmpNlriyY.c -o _mkltmpNlriyY.c.o  -L/Users/anand/Documents/node-kafka/node_modules/node-rdkafka/build/deps -shared -Wl,-soname,mkltest.0: ld: unknown option: -soname
clang: error: linker command failed with exit code 1 (use -v to see invocation)
DBG 8075: Setting gnulib (gnulib) status to failed (action cont)
DBG 8075: Check gnulib (WITH_GNULD, action cont (originally cont)) failed: compile check failed:
CC: CC
flags: -shared -Wl,-soname,mkltest.0
gcc  -gstrict-dwarf -O2 -fPIC -Wall -Werror _mkltmpNlriyY.c -o _mkltmpNlriyY.c.o  -L/Users/anand/Documents/node-kafka/node_modules/node-rdkafka/build/deps -shared -Wl,-soname,mkltest.0:
ld: unknown option: -soname
clang: error: linker command failed with exit code 1 (use -v to see invocation)
source: 
DBG 8075: Compile check osxlib (WITH_OSXLD) (sub=0): gcc  -gstrict-dwarf -O2 -fPIC -Wall -Werror _mkltmpav3tr5.c -o _mkltmpav3tr5.c.o  -L/Users/anand/Documents/node-kafka/node_modules/node-rdkafka/build/deps -dynamiclib -Wl,-install_name,/tmp/mkltest.so.0
DBG 8075: Setting osxlib (osxlib) status to ok (action cont)
DBG 8075: Compile check ldsflagvs () (sub=0): gcc  -gstrict-dwarf -O2 -fPIC -Wall -Werror _mkltmpHTGjLE.c -o _mkltmpHTGjLE.c.o  -L/Users/anand/Documents/node-kafka/node_modules/node-rdkafka/build/deps -shared -Wl,--version-script=_mkltmptxBY5A
DBG 8075: compile check for ldsflagvs () failed: gcc  -gstrict-dwarf -O2 -fPIC -Wall -Werror _mkltmpHTGjLE.c -o _mkltmpHTGjLE.c.o  -L/Users/anand/Documents/node-kafka/node_modules/node-rdkafka/build/deps -shared -Wl,--version-script=_mkltmptxBY5A: ld: unknown option: --version-script=_mkltmptxBY5A
clang: error: linker command failed with exit code 1 (use -v to see invocation)
DBG 8075: Setting ldsflagvs (ldsflagvs) status to failed (action cont)
DBG 8075: Check ldsflagvs (, action cont (originally cont)) failed: compile check failed:
CC: CC
flags: -shared -Wl,--version-script=_mkltmptxBY5A
gcc  -gstrict-dwarf -O2 -fPIC -Wall -Werror _mkltmpHTGjLE.c -o _mkltmpHTGjLE.c.o  -L/Users/anand/Documents/node-kafka/node_modules/node-rdkafka/build/deps -shared -Wl,--version-script=_mkltmptxBY5A:
ld: unknown option: --version-script=_mkltmptxBY5A
clang: error: linker command failed with exit code 1 (use -v to see invocation)
source: 
DBG 8075: Compile check ldsflagm () (sub=0): gcc  -gstrict-dwarf -O2 -fPIC -Wall -Werror _mkltmptVqnQR.c -o _mkltmptVqnQR.c.o  -L/Users/anand/Documents/node-kafka/node_modules/node-rdkafka/build/deps -shared -Wl,-M_mkltmptxBY5A
DBG 8075: compile check for ldsflagm () failed: gcc  -gstrict-dwarf -O2 -fPIC -Wall -Werror _mkltmptVqnQR.c -o _mkltmptVqnQR.c.o  -L/Users/anand/Documents/node-kafka/node_modules/node-rdkafka/build/deps -shared -Wl,-M_mkltmptxBY5A: ld: unknown option: -M_mkltmptxBY5A
clang: error: linker command failed with exit code 1 (use -v to see invocation)
DBG 8075: Setting ldsflagm (ldsflagm) status to failed (action ignore)
DBG 8075: Check ldsflagm (, action ignore (originally ignore)) failed: compile check failed:
CC: CC
flags: -shared -Wl,-M_mkltmptxBY5A
gcc  -gstrict-dwarf -O2 -fPIC -Wall -Werror _mkltmptVqnQR.c -o _mkltmptVqnQR.c.o  -L/Users/anand/Documents/node-kafka/node_modules/node-rdkafka/build/deps -shared -Wl,-M_mkltmptxBY5A:
ld: unknown option: -M_mkltmptxBY5A
clang: error: linker command failed with exit code 1 (use -v to see invocation)
source: 
DBG 8075: Compile check __atomic_32 (HAVE_ATOMICS_32) (sub=0): gcc  -gstrict-dwarf -O2 -fPIC -Wall -Werror _mkltmpuW0bhv.c -o _mkltmpuW0bhv.c.o  -L/Users/anand/Documents/node-kafka/node_modules/node-rdkafka/build/deps 
DBG 8075: Setting __atomic_32 (__atomic_32) status to ok (action cont)
DBG 8075: Compile check __atomic_64 (HAVE_ATOMICS_64) (sub=0): gcc  -gstrict-dwarf -O2 -fPIC -Wall -Werror _mkltmpBL7C1S.c -o _mkltmpBL7C1S.c.o  -L/Users/anand/Documents/node-kafka/node_modules/node-rdkafka/build/deps 
DBG 8075: Setting __atomic_64 (__atomic_64) status to ok (action cont)
DBG 8075: Compile check socket () (sub=0): gcc  -gstrict-dwarf -O2 -fPIC -Wall -Wsign-compare -Wfloat-equal -Wpointer-arith -Wcast-align -Wall -Werror _mkltmpRPJ7v3.c -o _mkltmpRPJ7v3.c.o  -L/Users/anand/Documents/node-kafka/node_modules/node-rdkafka/build/deps 
DBG 8075: Setting socket (socket) status to ok (action cont)
DBG 8075: Setting parseversion (parseversion) status to ok (action cont)
DBG 8075: librt: Check for static library (libs -lrt, arfile variable STATIC_LIB_librt=, static filenames )
DBG 8075: Compile check librt () (sub=0): gcc  -gstrict-dwarf -O2 -fPIC -Wall -Wsign-compare -Wfloat-equal -Wpointer-arith -Wcast-align -Wall -Werror _mkltmpKRTCAK.c -o _mkltmpKRTCAK.c.o  -L/Users/anand/Documents/node-kafka/node_modules/node-rdkafka/build/deps -lrt
DBG 8075: compile check for librt () failed: gcc  -gstrict-dwarf -O2 -fPIC -Wall -Wsign-compare -Wfloat-equal -Wpointer-arith -Wcast-align -Wall -Werror _mkltmpKRTCAK.c -o _mkltmpKRTCAK.c.o  -L/Users/anand/Documents/node-kafka/node_modules/node-rdkafka/build/deps -lrt: ld: library not found for -lrt
clang: error: linker command failed with exit code 1 (use -v to see invocation)
DBG 8075: Setting librt (librt) status to failed (action cont)
DBG 8075: Check librt (, action cont (originally cont)) failed: compile check failed:
CC: CC
flags: -lrt
gcc  -gstrict-dwarf -O2 -fPIC -Wall -Wsign-compare -Wfloat-equal -Wpointer-arith -Wcast-align -Wall -Werror _mkltmpKRTCAK.c -o _mkltmpKRTCAK.c.o  -L/Users/anand/Documents/node-kafka/node_modules/node-rdkafka/build/deps -lrt:
ld: library not found for -lrt
clang: error: linker command failed with exit code 1 (use -v to see invocation)
source: 
DBG 8075: libpthread: Check for static library (libs -lpthread, arfile variable STATIC_LIB_libpthread=, static filenames )
DBG 8075: Compile check libpthread () (sub=0): gcc  -gstrict-dwarf -O2 -fPIC -Wall -Wsign-compare -Wfloat-equal -Wpointer-arith -Wcast-align -Wall -Werror _mkltmpWlaHJa.c -o _mkltmpWlaHJa.c.o  -L/Users/anand/Documents/node-kafka/node_modules/node-rdkafka/build/deps -lpthread
DBG 8075: Setting libpthread (libpthread) status to ok (action fail)
DBG 8075: libpthread: from lib_check: LIBS: prepend -lpthread
DBG 8075: c11threads: Check for static library (libs -lpthread, arfile variable STATIC_LIB_c11threads=, static filenames )
DBG 8075: Compile check c11threads (WITH_C11THREADS) (sub=0): gcc  -gstrict-dwarf -O2 -fPIC -Wall -Wsign-compare -Wfloat-equal -Wpointer-arith -Wcast-align -Wall -Werror _mkltmps5hCxo.c -o _mkltmps5hCxo.c.o  -L/Users/anand/Documents/node-kafka/node_modules/node-rdkafka/build/deps -lpthread
DBG 8075: compile check for c11threads (WITH_C11THREADS) failed: gcc  -gstrict-dwarf -O2 -fPIC -Wall -Wsign-compare -Wfloat-equal -Wpointer-arith -Wcast-align -Wall -Werror _mkltmps5hCxo.c -o _mkltmps5hCxo.c.o  -L/Users/anand/Documents/node-kafka/node_modules/node-rdkafka/build/deps -lpthread: _mkltmps5hCxo.c:2:10: fatal error: 'threads.h' file not found
#include <threads.h>
         ^~~~~~~~~~~
1 error generated.
DBG 8075: Setting c11threads (c11threads) status to failed (action disable)
DBG 8075: Check c11threads (WITH_C11THREADS, action disable (originally disable)) failed: compile check failed:
CC: CC
flags: -lpthread
gcc  -gstrict-dwarf -O2 -fPIC -Wall -Wsign-compare -Wfloat-equal -Wpointer-arith -Wcast-align -Wall -Werror _mkltmps5hCxo.c -o _mkltmps5hCxo.c.o  -L/Users/anand/Documents/node-kafka/node_modules/node-rdkafka/build/deps -lpthread:
_mkltmps5hCxo.c:2:10: fatal error: 'threads.h' file not found
#include <threads.h>
         ^~~~~~~~~~~
1 error generated.
source: 
#include <threads.h>


static int start_func (void *arg) {
   int iarg = *(int *)arg;
   return iarg;
}

void foo (void) {
    thrd_t thr;
    int arg = 1;
    if (thrd_create(&thr, start_func, (void *)&arg) != thrd_success) {
      ;
    }
}

DBG 8075: libdl: Check for static library (libs -ldl, arfile variable STATIC_LIB_libdl=, static filenames )
DBG 8075: Compile check libdl (WITH_LIBDL) (sub=0): gcc  -gstrict-dwarf -O2 -fPIC -Wall -Wsign-compare -Wfloat-equal -Wpointer-arith -Wcast-align -Wall -Werror _mkltmpgEvIIU.c -o _mkltmpgEvIIU.c.o  -L/Users/anand/Documents/node-kafka/node_modules/node-rdkafka/build/deps -ldl
DBG 8075: Setting libdl (libdl) status to ok (action disable)
DBG 8075: libdl: from lib_check: LIBS: prepend -ldl
DBG 8075: zlib: Check for static library (libs -lz, arfile variable STATIC_LIB_zlib=, static filenames libz.a)
DBG 8075: Compile check zlib (WITH_ZLIB) (sub=0): gcc  -gstrict-dwarf -O2 -fPIC -Wall -Wsign-compare -Wfloat-equal -Wpointer-arith -Wcast-align -Wall -Werror _mkltmphKtezd.c -o _mkltmphKtezd.c.o  -L/Users/anand/Documents/node-kafka/node_modules/node-rdkafka/build/deps -lz
DBG 8075: Setting zlib (zlib) status to ok (action disable)
DBG 8075: zlib: from lib_check: LIBS: prepend -lz
DBG 8075: libcrypto: Check for static library (libs -lcrypto, arfile variable STATIC_LIB_libcrypto=, static filenames libcrypto.a)
DBG 8075: Compile check libcrypto () (sub=0): gcc  -gstrict-dwarf -O2 -fPIC -Wall -Wsign-compare -Wfloat-equal -Wpointer-arith -Wcast-align -Wall -Werror _mkltmpl3WI58.c -o _mkltmpl3WI58.c.o  -L/Users/anand/Documents/node-kafka/node_modules/node-rdkafka/build/deps -lcrypto
DBG 8075: compile check for libcrypto () failed: gcc  -gstrict-dwarf -O2 -fPIC -Wall -Wsign-compare -Wfloat-equal -Wpointer-arith -Wcast-align -Wall -Werror _mkltmpl3WI58.c -o _mkltmpl3WI58.c.o  -L/Users/anand/Documents/node-kafka/node_modules/node-rdkafka/build/deps -lcrypto: _mkltmpl3WI58.c:2:10: fatal error: 'openssl/ssl.h' file not found
#include <openssl/ssl.h>
         ^~~~~~~~~~~~~~~
1 error generated.
DBG 8075: Setting libcrypto (libcrypto) status to failed (action disable)
DBG 8075: Check libcrypto (, action disable (originally disable)) failed: compile check failed:
CC: CC
flags: -lcrypto
gcc  -gstrict-dwarf -O2 -fPIC -Wall -Wsign-compare -Wfloat-equal -Wpointer-arith -Wcast-align -Wall -Werror _mkltmpl3WI58.c -o _mkltmpl3WI58.c.o  -L/Users/anand/Documents/node-kafka/node_modules/node-rdkafka/build/deps -lcrypto:
_mkltmpl3WI58.c:2:10: fatal error: 'openssl/ssl.h' file not found
#include <openssl/ssl.h>
         ^~~~~~~~~~~~~~~
1 error generated.
source: 
#include <openssl/ssl.h>
#include <openssl/evp.h>
#if OPENSSL_VERSION_NUMBER < 0x1000100fL
#error "Requires OpenSSL version >= v1.0.1"
#endif
DBG 8075: libsasl2: Check for static library (libs -lsasl2, arfile variable STATIC_LIB_libsasl2=, static filenames )
DBG 8075: Compile check libsasl2 (WITH_SASL_CYRUS) (sub=0): gcc  -gstrict-dwarf -O2 -fPIC -Wall -Wsign-compare -Wfloat-equal -Wpointer-arith -Wcast-align -Wall -Werror _mkltmpNokn5D.c -o _mkltmpNokn5D.c.o  -L/Users/anand/Documents/node-kafka/node_modules/node-rdkafka/build/deps -lsasl2
DBG 8075: Setting libsasl2 (libsasl2) status to ok (action disable)
DBG 8075: libsasl2: from lib_check: LIBS: prepend -lsasl2
DBG 8075: libzstd: Check for static library (libs -lzstd, arfile variable STATIC_LIB_libzstd=, static filenames libzstd.a)
DBG 8075: Compile check libzstd (WITH_ZSTD) (sub=0): gcc  -gstrict-dwarf -O2 -fPIC -Wall -Wsign-compare -Wfloat-equal -Wpointer-arith -Wcast-align -Wall -Werror _mkltmp3rR2Ll.c -o _mkltmp3rR2Ll.c.o  -L/Users/anand/Documents/node-kafka/node_modules/node-rdkafka/build/deps -lzstd
DBG 8075: compile check for libzstd (WITH_ZSTD) failed: gcc  -gstrict-dwarf -O2 -fPIC -Wall -Wsign-compare -Wfloat-equal -Wpointer-arith -Wcast-align -Wall -Werror _mkltmp3rR2Ll.c -o _mkltmp3rR2Ll.c.o  -L/Users/anand/Documents/node-kafka/node_modules/node-rdkafka/build/deps -lzstd: _mkltmp3rR2Ll.c:2:10: fatal error: 'zstd.h' file not found
#include <zstd.h>
         ^~~~~~~~
1 error generated.
DBG 8075: Setting libzstd (libzstd) status to failed (action disable)
DBG 8075: Check libzstd (WITH_ZSTD, action disable (originally disable)) failed: compile check failed:
CC: CC
flags: -lzstd
gcc  -gstrict-dwarf -O2 -fPIC -Wall -Wsign-compare -Wfloat-equal -Wpointer-arith -Wcast-align -Wall -Werror _mkltmp3rR2Ll.c -o _mkltmp3rR2Ll.c.o  -L/Users/anand/Documents/node-kafka/node_modules/node-rdkafka/build/deps -lzstd:
_mkltmp3rR2Ll.c:2:10: fatal error: 'zstd.h' file not found
#include <zstd.h>
         ^~~~~~~~
1 error generated.
source: 
#include <zstd.h>
#include <zstd_errors.h>

void foo (void) {
     ZSTD_getFrameContentSize(NULL, 0);
}

DBG 8075: libm: Check for static library (libs -lm, arfile variable STATIC_LIB_libm=, static filenames )
DBG 8075: Compile check libm () (sub=0): gcc  -gstrict-dwarf -O2 -fPIC -Wall -Wsign-compare -Wfloat-equal -Wpointer-arith -Wcast-align -Wall -Werror _mkltmpy2EQAc.c -o _mkltmpy2EQAc.c.o  -L/Users/anand/Documents/node-kafka/node_modules/node-rdkafka/build/deps -lm
DBG 8075: Setting libm (libm) status to ok (action disable)
DBG 8075: libm: from lib_check: LIBS: prepend -lm
DBG 8075: liblz4: Check for static library (libs -llz4, arfile variable STATIC_LIB_liblz4=, static filenames liblz4.a)
DBG 8075: Compile check liblz4 (WITH_LZ4_EXT) (sub=0): gcc  -gstrict-dwarf -O2 -fPIC -Wall -Wsign-compare -Wfloat-equal -Wpointer-arith -Wcast-align -Wall -Werror _mkltmp1vGwUA.c -o _mkltmp1vGwUA.c.o  -L/Users/anand/Documents/node-kafka/node_modules/node-rdkafka/build/deps -llz4
DBG 8075: compile check for liblz4 (WITH_LZ4_EXT) failed: gcc  -gstrict-dwarf -O2 -fPIC -Wall -Wsign-compare -Wfloat-equal -Wpointer-arith -Wcast-align -Wall -Werror _mkltmp1vGwUA.c -o _mkltmp1vGwUA.c.o  -L/Users/anand/Documents/node-kafka/node_modules/node-rdkafka/build/deps -llz4: _mkltmp1vGwUA.c:1:10: fatal error: 'lz4frame.h' file not found
#include <lz4frame.h>
         ^~~~~~~~~~~~
1 error generated.
DBG 8075: Setting liblz4 (liblz4) status to failed (action disable)
DBG 8075: Check liblz4 (WITH_LZ4_EXT, action disable (originally disable)) failed: compile check failed:
CC: CC
flags: -llz4
gcc  -gstrict-dwarf -O2 -fPIC -Wall -Wsign-compare -Wfloat-equal -Wpointer-arith -Wcast-align -Wall -Werror _mkltmp1vGwUA.c -o _mkltmp1vGwUA.c.o  -L/Users/anand/Documents/node-kafka/node_modules/node-rdkafka/build/deps -llz4:
_mkltmp1vGwUA.c:1:10: fatal error: 'lz4frame.h' file not found
#include <lz4frame.h>
         ^~~~~~~~~~~~
1 error generated.
source: #include <lz4frame.h>
DBG 8075: Compile check syslog (WITH_SYSLOG) (sub=0): gcc  -gstrict-dwarf -O2 -fPIC -Wall -Wsign-compare -Wfloat-equal -Wpointer-arith -Wcast-align -Wall -Werror _mkltmpGHFkyV.c -o _mkltmpGHFkyV.c.o  -L/Users/anand/Documents/node-kafka/node_modules/node-rdkafka/build/deps 
DBG 8075: Setting syslog (syslog) status to ok (action disable)
DBG 8075: Compile check rapidjson (WITH_RAPIDJSON) (sub=0): g++  -gstrict-dwarf -O2 -fPIC -Wall -Wsign-compare -Wfloat-equal -Wpointer-arith -Wcast-align -Wall -Werror _mkltmpK3egdO.cpp -o _mkltmpK3egdO.cpp.o  -L/Users/anand/Documents/node-kafka/node_modules/node-rdkafka/build/deps 
DBG 8075: compile check for rapidjson (WITH_RAPIDJSON) failed: g++  -gstrict-dwarf -O2 -fPIC -Wall -Wsign-compare -Wfloat-equal -Wpointer-arith -Wcast-align -Wall -Werror _mkltmpK3egdO.cpp -o _mkltmpK3egdO.cpp.o  -L/Users/anand/Documents/node-kafka/node_modules/node-rdkafka/build/deps : _mkltmpK3egdO.cpp:1:10: fatal error: 'rapidjson/schema.h' file not found
#include <rapidjson/schema.h>
         ^~~~~~~~~~~~~~~~~~~~
1 error generated.
DBG 8075: Setting rapidjson (rapidjson) status to failed (action disable)
DBG 8075: Check rapidjson (WITH_RAPIDJSON, action disable (originally disable)) failed: compile check failed:
CC: CXX
flags: 
g++  -gstrict-dwarf -O2 -fPIC -Wall -Wsign-compare -Wfloat-equal -Wpointer-arith -Wcast-align -Wall -Werror _mkltmpK3egdO.cpp -o _mkltmpK3egdO.cpp.o  -L/Users/anand/Documents/node-kafka/node_modules/node-rdkafka/build/deps :
_mkltmpK3egdO.cpp:1:10: fatal error: 'rapidjson/schema.h' file not found
#include <rapidjson/schema.h>
         ^~~~~~~~~~~~~~~~~~~~
1 error generated.
source: #include <rapidjson/schema.h>
DBG 8075: Compile check crc32chw (WITH_CRC32C_HW) (sub=0): gcc  -gstrict-dwarf -O2 -fPIC -Wall -Wsign-compare -Wfloat-equal -Wpointer-arith -Wcast-align -Wall -Werror _mkltmpQNDBBm.c -o _mkltmpQNDBBm.c.o  -L/Users/anand/Documents/node-kafka/node_modules/node-rdkafka/build/deps 
DBG 8075: Setting crc32chw (crc32chw) status to ok (action disable)
DBG 8075: Compile check regex (HAVE_REGEX) (sub=0): gcc  -gstrict-dwarf -O2 -fPIC -Wall -Wsign-compare -Wfloat-equal -Wpointer-arith -Wcast-align -Wall -Werror _mkltmpLCIS0c.c -o _mkltmpLCIS0c.c.o  -L/Users/anand/Documents/node-kafka/node_modules/node-rdkafka/build/deps 
DBG 8075: Setting regex (regex) status to ok (action disable)
DBG 8075: Compile check strndup (HAVE_STRNDUP) (sub=0): gcc  -gstrict-dwarf -O2 -fPIC -Wall -Wsign-compare -Wfloat-equal -Wpointer-arith -Wcast-align -Wall -Werror _mkltmpaf372l.c -o _mkltmpaf372l.c.o  -L/Users/anand/Documents/node-kafka/node_modules/node-rdkafka/build/deps 
DBG 8075: Setting strndup (strndup) status to ok (action disable)
DBG 8075: Compile check strlcpy (HAVE_STRLCPY) (sub=0): gcc  -gstrict-dwarf -O2 -fPIC -Wall -Wsign-compare -Wfloat-equal -Wpointer-arith -Wcast-align -Wall -Werror _mkltmpXSbRpZ.c -o _mkltmpXSbRpZ.c.o  -L/Users/anand/Documents/node-kafka/node_modules/node-rdkafka/build/deps 
DBG 8075: Setting strlcpy (strlcpy) status to ok (action disable)
DBG 8075: Compile check strerror_r (HAVE_STRERROR_R) (sub=0): gcc  -gstrict-dwarf -O2 -fPIC -Wall -Wsign-compare -Wfloat-equal -Wpointer-arith -Wcast-align -Wall -Werror _mkltmp5yr6vx.c -o _mkltmp5yr6vx.c.o  -L/Users/anand/Documents/node-kafka/node_modules/node-rdkafka/build/deps 
DBG 8075: Setting strerror_r (strerror_r) status to ok (action disable)
DBG 8075: Compile check pthread_setname_gnu (HAVE_PTHREAD_SETNAME_GNU) (sub=0): gcc  -gstrict-dwarf -O2 -fPIC -Wall -Wsign-compare -Wfloat-equal -Wpointer-arith -Wcast-align -Wall -Werror _mkltmpwxibsh.c -o _mkltmpwxibsh.c.o  -L/Users/anand/Documents/node-kafka/node_modules/node-rdkafka/build/deps -D_GNU_SOURCE -lpthread
DBG 8075: compile check for pthread_setname_gnu (HAVE_PTHREAD_SETNAME_GNU) failed: gcc  -gstrict-dwarf -O2 -fPIC -Wall -Wsign-compare -Wfloat-equal -Wpointer-arith -Wcast-align -Wall -Werror _mkltmpwxibsh.c -o _mkltmpwxibsh.c.o  -L/Users/anand/Documents/node-kafka/node_modules/node-rdkafka/build/deps -D_GNU_SOURCE -lpthread: _mkltmpwxibsh.c:5:38: error: too many arguments to function call, expected 1, have 2
  pthread_setname_np(pthread_self(), "abc");
  ~~~~~~~~~~~~~~~~~~                 ^~~~~
/Applications/Xcode.app/Contents/Developer/Platforms/MacOSX.platform/Developer/SDKs/MacOSX.sdk/usr/include/pthread.h:510:5: note: 'pthread_setname_np' declared here
int     pthread_setname_np(const char*);
        ^
1 error generated.
DBG 8075: Setting pthread_setname_gnu (pthread_setname_gnu) status to failed (action disable)
DBG 8075: Check pthread_setname_gnu (HAVE_PTHREAD_SETNAME_GNU, action disable (originally disable)) failed: compile check failed:
CC: CC
flags: -D_GNU_SOURCE -lpthread
gcc  -gstrict-dwarf -O2 -fPIC -Wall -Wsign-compare -Wfloat-equal -Wpointer-arith -Wcast-align -Wall -Werror _mkltmpwxibsh.c -o _mkltmpwxibsh.c.o  -L/Users/anand/Documents/node-kafka/node_modules/node-rdkafka/build/deps -D_GNU_SOURCE -lpthread:
_mkltmpwxibsh.c:5:38: error: too many arguments to function call, expected 1, have 2
  pthread_setname_np(pthread_self(), "abc");
  ~~~~~~~~~~~~~~~~~~                 ^~~~~
/Applications/Xcode.app/Contents/Developer/Platforms/MacOSX.platform/Developer/SDKs/MacOSX.sdk/usr/include/pthread.h:510:5: note: 'pthread_setname_np' declared here
int     pthread_setname_np(const char*);
        ^
1 error generated.
source: 
#include <pthread.h>

void foo (void) {
  pthread_setname_np(pthread_self(), "abc");
}

DBG 8075: Compile check pthread_setname_darwin (HAVE_PTHREAD_SETNAME_DARWIN) (sub=0): gcc  -gstrict-dwarf -O2 -fPIC -Wall -Wsign-compare -Wfloat-equal -Wpointer-arith -Wcast-align -Wall -Werror _mkltmpYpFwyq.c -o _mkltmpYpFwyq.c.o  -L/Users/anand/Documents/node-kafka/node_modules/node-rdkafka/build/deps -D_DARWIN_C_SOURCE -lpthread
DBG 8075: Setting pthread_setname_darwin (pthread_setname_darwin) status to ok (action disable)
DBG 8075: Setting nm (nm) status to ok (action cont)
DBG 8075: Compile check getrusage (HAVE_GETRUSAGE) (sub=0): gcc  -gstrict-dwarf -O2 -fPIC -Wall -Wsign-compare -Wfloat-equal -Wpointer-arith -Wcast-align -Wall -Werror _mkltmp4rRKDu.c -o _mkltmp4rRKDu.c.o  -L/Users/anand/Documents/node-kafka/node_modules/node-rdkafka/build/deps 
DBG 8075: Setting getrusage (getrusage) status to ok (action disable)
